loading corpus_train: ../../ResearchData/Experiment3/after_convert_id/docs_as_id_train.pkl
loading end
loading id_to_vocab: ../../ResearchData/Experiment3/after_convert_id/list_id_vocab.pkl
vocabs_size142236
loading end
corpus=500000, vocabs_size=142236, K=400, a=0.500000, b=0.500000
init lda instance
initalize topics
end initialize topics
inference start
calc first perp
perp: 3100.19970645
ite: 0
end docs: 100000
end docs: 200000
end docs: 300000
end docs: 400000
end docs: 500000
calc new alpha and beta
end alpha: 100000
end alpha: 200000
end alpha: 300000
end alpha: 400000
end alpha: 500000
alpha:
0.0223884216765
0.022509575965
0.0223629981821
0.022359607626
0.0227100267574
0.0223625068406
0.0226480032914
0.0223974881664
0.0223570370477
0.0225798214564
0.0227211851718
0.0224236014869
0.0223977208309
0.0221763572202
0.0223932309437
0.0225477379621
0.0222766088986
0.0224756384793
0.022288666808
0.0224386805706
0.0222912535489
0.0223525939724
0.0225424947735
0.0225239249574
0.022507833276
0.022584145847
0.0224922724566
0.0224192331869
0.0224461363633
0.0224751980841
0.0224114135658
0.0225399874524
0.0224516878563
0.0227333485253
0.0225416794008
0.0225390798993
0.0224398835714
0.0226577940525
0.0224618552868
0.0225709909668
0.022473007574
0.0224382395148
0.0224615394804
0.0223718817326
0.0225577203098
0.0225173337666
0.0225940018065
0.0224583195227
0.0223944264672
0.022671731908
0.0225669723616
0.0222838369479
0.0225674493627
0.0227555265075
0.0224434997196
0.0223829676251
0.0224449728856
0.0223769167303
0.0225878869212
0.0226198692349
0.0224536555689
0.0225067460107
0.0226377114865
0.0224791071618
0.0226721957835
0.0224061379966
0.0227811709784
0.0223749845964
0.022468444687
0.0223985056921
0.022441230617
0.0223959743615
0.0223761119111
0.0227731511722
0.0226129464965
0.0225199686386
0.0225342991904
0.0224945602345
0.0225225700712
0.0222807638044
0.0224380617612
0.0223614551367
0.0223684721083
0.0223690305994
0.0226894630153
0.0225163602434
0.0225083992407
0.0225663414191
0.0223384098179
0.0225196620712
0.0223913563668
0.0226042953124
0.0224310585638
0.0224196369749
0.0225182531253
0.0223536258685
0.0225387965599
0.0225276208468
0.0223644074399
0.0224339789742
0.0226677504628
0.0223743042431
0.0223342702375
0.0224844521979
0.0223957877965
0.0227613324187
0.0224391438641
0.0228207499773
0.0226475617693
0.022347267569
0.0225689733931
0.0227077786648
0.0226001127109
0.0224892008142
0.0226939816368
0.0223096236172
0.0225447086183
0.0224006312421
0.0224932121113
0.0224396565877
0.0226396642293
0.0224018062248
0.022545545271
0.0224809730893
0.0226240720401
0.0225337502979
0.0224862938405
0.0226025222714
0.0224441579619
0.0225363059429
0.0224542975117
0.0224205843049
0.0225223578224
0.0225679688406
0.0223683604728
0.0224818126019
0.0224580055379
0.0225682848387
0.0226636818541
0.0225403557287
0.0223341211933
0.0223700974906
0.0225065143548
0.0226389717395
0.0225009811574
0.0225696379554
0.0226437520329
0.0225827217231
0.0224838632445
0.0223986212994
0.0225789386711
0.0223352608732
0.0226341661625
0.022526877247
0.0225014743469
0.022497674927
0.0226099702581
0.0224413590634
0.0227597242959
0.0224884165226
0.0226857089978
0.0224940385506
0.0225597649823
0.0224611555123
0.0226736638651
0.0224659693749
0.0226158198514
0.0224809383757
0.0225532942532
0.0227062151517
0.0222551906174
0.022764199471
0.0222721502963
0.0223917006951
0.0225059105251
0.0225302293715
0.0225046054561
0.0222198502264
0.0225455653509
0.0223359429909
0.0225050237769
0.022465532487
0.0227352244864
0.0222657708889
0.0224394029231
0.0224978134495
0.0226428248556
0.0224390991492
0.0225088176247
0.0227233546485
0.0226892083654
0.0226129752985
0.0225428078521
0.0225020017384
0.0224423305841
0.0227059168073
0.0226046205898
0.022560545069
0.0225053297906
0.0225277195535
0.0225209535775
0.0223714366593
0.0225247017431
0.0226384907805
0.0223888532295
0.0224526104192
0.0223829293708
0.0225376666699
0.0226398088217
0.0226153052246
0.022482774672
0.0226983939243
0.0225547759201
0.0224890360548
0.0225102107067
0.0224730458437
0.0224006043389
0.0224435411423
0.0221522888737
0.0226410307483
0.0225583967059
0.0225008357875
0.0224215598728
0.0226141139197
0.0225407507693
0.0224076729399
0.0225466711922
0.0224625701032
0.0225673757467
0.022411757263
0.0224057826716
0.0224770821176
0.0225408999322
0.0225158960558
0.0225888686354
0.0225607914783
0.0225482427405
0.0224534755992
0.0226876210261
0.0225525203168
0.0226903225572
0.0225106751305
0.0225705338253
0.0226111040877
0.0225293996169
0.0225878193842
0.0225672961492
0.0223603426827
0.0225204460145
0.0223994340545
0.0225247105191
0.022622730657
0.0225572959841
0.0226485860399
0.022606523753
0.0226028968575
0.022570333706
0.0224860930387
0.0223596042553
0.0226214517802
0.0225603074994
0.0223782506395
0.0224593996414
0.0223632110385
0.0225949062932
0.0226311318296
0.0223604601262
0.022482683319
0.0225629739977
0.0226312290814
0.0225745017213
0.0224545765867
0.0224375742064
0.0225836776337
0.022507288789
0.02267119053
0.0226443990239
0.0225731590156
0.0224183222924
0.0227591274291
0.0226415259335
0.0226395719277
0.0225890641636
0.0224478414325
0.022404845957
0.0224574995663
0.0225772647099
0.0224503574966
0.0224470215993
0.0225990504909
0.0226276602349
0.0223886248785
0.0225698157036
0.022564561354
0.0224202868357
0.0224340187602
0.0225007392551
0.0226428367191
0.0225763959956
0.022372987345
0.0225687542331
0.0223962984719
0.0226691096496
0.0225449670939
0.0224324503115
0.0225538743814
0.022518829499
0.0224869355745
0.0225496765729
0.0224438480289
0.0225865973037
0.0228494500717
0.0225995288425
0.0223428697852
0.022325886872
0.0225899632861
0.0223463093119
0.022489296359
0.0223987536024
0.0225285960541
0.0223467042871
0.0226257386649
0.0224481568869
0.0223064506578
0.0226784219881
0.0225290258473
0.0224340658792
0.0225036511311
0.022470691494
0.0225288906869
0.0224281973447
0.0223885008172
0.0224630093778
0.0228076405557
0.0224356331259
0.0226454599968
0.022455768719
0.0226435059107
0.0226344215808
0.0224809017469
0.0225684993381
0.022474737361
0.0225749607014
0.0225809312633
0.0226180760683
0.0224999929044
0.0223109660772
0.0224588749914
0.0225787371432
0.0224957079297
0.022414357024
0.0226255926027
0.0227280442986
0.0226424074294
0.0224231213279
0.0225317580673
0.0226729731295
0.0225524938832
0.0226388382441
0.0224822961642
0.0224513063615
0.0223477057296
0.0225681614336
0.0226717904303
0.0225555486916
0.0224764698114
0.0223751023886
0.022527927935
0.0226647779453
0.0225062029782
0.0223857108773
0.0225968067205
0.0221697112631
0.0223137104034
0.0223803469787
0.0224821347907
0.0226406986647
0.0224196987822
0.02258271241
0.0225736025341
0.022488949532
0.0224733454809
0.0223820942161
0.0224975154901
0.0226191324343
0.0226267035987
0.0223684221997
0.022452553067
0.0223054212268
0.0224319322198
0.0225445837364
0.0225361196437
0.022351633285
0.0226325718494
0.0225401674002
0.022302783414
0.0224447231983
0.0226313287224
0.0222353533466
0.0224551185564
