loading corpus_train: ../../ResearchData/Experiment2/after_convert_id/docs_as_id_train.pkl
loading end
loading id_to_vocab: ../../ResearchData/Experiment2/after_convert_id/list_id_vocab.pkl
vocabs_size142236
loading end
corpus=500000, vocabs_size=142236, K=400, a=0.100000, b=0.010000
init lda instance
initalize topics
end lda instance
end initialize topics
inference start
calc first perp
perp: 2038.10236917
ite: 0
calc perp
perp: 1955.9918913
ite: 1
calc perp
perp: 1894.47762702
ite: 2
calc perp
perp: 1840.69091101
ite: 3
calc perp
perp: 1784.10803722
ite: 4
calc perp
perp: 1719.86945532
ite: 5
calc perp
perp: 1646.24075093
ite: 6
calc perp
perp: 1564.64824889
ite: 7
calc perp
perp: 1480.61961942
ite: 8
calc perp
perp: 1398.13955649
ite: 9
calc perp
perp: 1319.7827807
ite: 10
calc perp
perp: 1247.45352405
ite: 11
calc perp
perp: 1183.00634396
ite: 12
calc perp
perp: 1126.95463162
ite: 13
calc perp
perp: 1079.17273285
ite: 14
calc perp
perp: 1039.39653435
ite: 15
calc perp
perp: 1005.99807712
ite: 16
calc perp
perp: 977.675588677
ite: 17
calc perp
perp: 953.37050597
ite: 18
calc perp
perp: 932.129553378
ite: 19
calc perp
perp: 913.324310124
ite: 20
calc perp
perp: 896.626685068
ite: 21
calc perp
perp: 881.67605169
ite: 22
calc perp
perp: 868.280023893
ite: 23
calc perp
perp: 856.18717262
ite: 24
calc perp
perp: 845.307643149
ite: 25
calc perp
perp: 835.125954007
ite: 26
calc perp
perp: 825.992203855
ite: 27
calc perp
perp: 817.630776679
ite: 28
calc perp
perp: 809.707628511
ite: 29
calc perp
perp: 802.377351276
ite: 30
calc perp
perp: 795.641520608
ite: 31
calc perp
perp: 789.375697092
ite: 32
calc perp
perp: 783.492048541
ite: 33
calc perp
perp: 778.035616288
ite: 34
calc perp
perp: 772.945741296
ite: 35
calc perp
perp: 768.134581982
ite: 36
calc perp
perp: 763.641739145
ite: 37
calc perp
perp: 759.550600494
ite: 38
calc perp
perp: 755.647465189
ite: 39
calc perp
perp: 751.880235709
ite: 40
calc perp
perp: 748.3036423
ite: 41
calc perp
perp: 744.843242167
ite: 42
calc perp
perp: 741.568745395
ite: 43
calc perp
perp: 738.391473218
ite: 44
calc perp
perp: 735.496448362
ite: 45
calc perp
perp: 732.612621764
ite: 46
calc perp
perp: 729.758285707
ite: 47
calc perp
perp: 727.111046467
ite: 48
calc perp
perp: 724.505194085
ite: 49
calc perp
perp: 721.983595894
ite: 50
calc perp
perp: 719.642447318
ite: 51
calc perp
perp: 717.325118738
ite: 52
calc perp
perp: 715.24413253
ite: 53
calc perp
perp: 713.280675987
ite: 54
calc perp
perp: 711.221953029
ite: 55
calc perp
perp: 709.336835648
ite: 56
calc perp
perp: 707.538957299
ite: 57
calc perp
perp: 705.813163455
ite: 58
calc perp
perp: 704.095845606
ite: 59
calc perp
perp: 702.462543577
ite: 60
calc perp
perp: 700.950960046
ite: 61
calc perp
perp: 699.411108505
ite: 62
calc perp
perp: 697.932653333
ite: 63
calc perp
perp: 696.39534065
ite: 64
calc perp
perp: 694.969124135
ite: 65
calc perp
perp: 693.58697392
ite: 66
calc perp
perp: 692.30685281
ite: 67
calc perp
perp: 690.935987315
ite: 68
calc perp
perp: 689.763720247
ite: 69
calc perp
perp: 688.51557439
ite: 70
calc perp
perp: 687.327696821
ite: 71
calc perp
perp: 686.175714718
ite: 72
calc perp
perp: 685.023287752
ite: 73
calc perp
perp: 684.031939495
ite: 74
calc perp
perp: 683.107147944
ite: 75
calc perp
perp: 682.132751931
ite: 76
calc perp
perp: 681.207238222
ite: 77
calc perp
perp: 680.317007986
ite: 78
calc perp
perp: 679.345879323
ite: 79
calc perp
perp: 678.463455149
ite: 80
calc perp
perp: 677.591120236
ite: 81
calc perp
perp: 676.698418975
ite: 82
calc perp
perp: 675.919892003
ite: 83
calc perp
perp: 675.106501457
ite: 84
calc perp
perp: 674.44896101
ite: 85
calc perp
perp: 673.716602053
ite: 86
calc perp
perp: 673.092145192
ite: 87
calc perp
perp: 672.341681145
ite: 88
calc perp
perp: 671.680685349
ite: 89
calc perp
perp: 671.06472275
ite: 90
calc perp
perp: 670.453841236
ite: 91
calc perp
perp: 669.823442917
ite: 92
calc perp
perp: 669.173086874
ite: 93
calc perp
perp: 668.596554729
ite: 94
calc perp
perp: 667.989260111
ite: 95
calc perp
perp: 667.394286881
ite: 96
calc perp
perp: 666.842440228
ite: 97
calc perp
perp: 666.209733263
ite: 98
calc perp
perp: 665.537517378
ite: 99
calc perp
perp: 665.120028055
ite: 100
calc perp
perp: 664.554562534
ite: 101
calc perp
perp: 664.026000567
ite: 102
calc perp
perp: 663.540817824
ite: 103
calc perp
perp: 662.958205811
ite: 104
calc perp
perp: 662.405584704
ite: 105
calc perp
perp: 661.987754213
ite: 106
calc perp
perp: 661.607452766
ite: 107
calc perp
perp: 661.133893471
ite: 108
calc perp
perp: 660.66263
ite: 109
calc perp
perp: 660.205734026
ite: 110
calc perp
perp: 659.762629347
ite: 111
calc perp
perp: 659.258782179
ite: 112
calc perp
perp: 658.903053877
ite: 113
calc perp
perp: 658.576795601
ite: 114
calc perp
perp: 658.281738895
ite: 115
calc perp
perp: 657.811577542
ite: 116
calc perp
perp: 657.48651322
ite: 117
calc perp
perp: 657.125149707
ite: 118
calc perp
perp: 656.780944742
ite: 119
calc perp
perp: 656.440061953
ite: 120
calc perp
perp: 656.127340185
ite: 121
calc perp
perp: 655.631969448
ite: 122
calc perp
perp: 655.236257658
ite: 123
calc perp
perp: 654.914736067
ite: 124
calc perp
perp: 654.652291444
ite: 125
calc perp
perp: 654.42301337
ite: 126
calc perp
perp: 654.076405121
ite: 127
calc perp
perp: 653.7870652
ite: 128
calc perp
perp: 653.538763491
ite: 129
calc perp
perp: 653.221523633
ite: 130
calc perp
perp: 652.989343847
ite: 131
calc perp
perp: 652.651636795
ite: 132
calc perp
perp: 652.405114509
ite: 133
calc perp
perp: 652.013291585
ite: 134
calc perp
perp: 651.663792453
ite: 135
calc perp
perp: 651.420407741
ite: 136
calc perp
perp: 651.08387911
ite: 137
calc perp
perp: 650.848572418
ite: 138
calc perp
perp: 650.693686066
ite: 139
calc perp
perp: 650.445923328
ite: 140
calc perp
perp: 650.113694241
ite: 141
calc perp
perp: 649.858444078
ite: 142
calc perp
perp: 649.727222953
ite: 143
calc perp
perp: 649.545269515
ite: 144
calc perp
perp: 649.27934991
ite: 145
calc perp
perp: 649.061260404
ite: 146
calc perp
perp: 648.744307613
ite: 147
calc perp
perp: 648.441013816
ite: 148
calc perp
perp: 648.238562671
ite: 149
calc perp
perp: 648.04190066
open for saving: ../../ResearchData/Experiment2/after_LDA/k400a0.1b0.01i150.pkl
saving is end
