loading corpus_train: ../../ResearchData/Experiment2/after_convert_id/docs_as_id_train.pkl
loading end
loading id_to_vocab: ../../ResearchData/Experiment2/after_convert_id/list_id_vocab.pkl
vocabs_size142236
loading end
corpus=500000, vocabs_size=142236, K=400, a=0.100000, b=0.010000
init lda instance
initalize topics
end lda instance
end initialize topics
inference start
calc first perp
perp: 2038.10236917
ite: 0
calc perp
perp: 1955.9918913
ite: 1
calc perp
perp: 1894.47762702
ite: 2
calc perp
perp: 1840.69091101
ite: 3
calc perp
perp: 1784.10803722
ite: 4
calc perp
perp: 1719.86945532
ite: 5
calc perp
perp: 1646.24075093
ite: 6
calc perp
perp: 1564.64824889
ite: 7
calc perp
perp: 1480.61961942
ite: 8
calc perp
perp: 1398.13955649
ite: 9
calc perp
perp: 1319.7827807
ite: 10
calc perp
perp: 1247.45352405
ite: 11
calc perp
perp: 1183.00634396
ite: 12
calc perp
perp: 1126.95463162
ite: 13
calc perp
perp: 1079.17273285
ite: 14
calc perp
perp: 1039.39653435
ite: 15
calc perp
perp: 1005.99807712
ite: 16
calc perp
perp: 977.675588677
ite: 17
calc perp
perp: 953.37050597
ite: 18
calc perp
perp: 932.129553378
ite: 19
calc perp
perp: 913.324310124
ite: 20
calc perp
perp: 896.626685068
ite: 21
calc perp
perp: 881.67605169
ite: 22
calc perp
perp: 868.280023893
ite: 23
calc perp
perp: 856.18717262
ite: 24
calc perp
perp: 845.307643149
ite: 25
calc perp
perp: 835.125954007
ite: 26
calc perp
perp: 825.992203855
ite: 27
calc perp
perp: 817.630776679
ite: 28
calc perp
perp: 809.707628511
ite: 29
calc perp
perp: 802.377351276
ite: 30
calc perp
perp: 795.641520608
ite: 31
calc perp
perp: 789.375697092
ite: 32
calc perp
perp: 783.492048541
ite: 33
calc perp
perp: 778.035616288
ite: 34
calc perp
perp: 772.945741296
ite: 35
calc perp
perp: 768.134581982
ite: 36
calc perp
perp: 763.641739145
ite: 37
calc perp
perp: 759.550600494
ite: 38
calc perp
perp: 755.647465189
ite: 39
calc perp
perp: 751.880235709
ite: 40
calc perp
perp: 748.3036423
ite: 41
calc perp
perp: 744.843242167
ite: 42
calc perp
perp: 741.568745395
ite: 43
calc perp
perp: 738.391473218
ite: 44
calc perp
perp: 735.496448362
ite: 45
calc perp
perp: 732.612621764
ite: 46
calc perp
perp: 729.758285707
ite: 47
calc perp
perp: 727.111046467
ite: 48
calc perp
perp: 724.505194085
ite: 49
calc perp
perp: 721.983595894
open for saving: ../../ResearchData/Experiment2/after_LDA/k400a0.1b0.01i50.pkl
saving is end
